Sat, 20 Feb 2016 18:11:06 search.py [func:_logging_conf] [line:200] INFO:
***********************************************
Sat, 20 Feb 2016 18:11:29 search.py [func:_logging_conf] [line:200] INFO:
***********************************************
Sat, 20 Feb 2016 18:11:35 search.py [func:__init__] [line:183] INFO:
¥”mongodb∂¡»°‘∫–£ø‚ÕÍ±œ£¨”√ ± 6.4730048179626465 √Î.
Sat, 20 Feb 2016 18:11:42 search.py [func:__init__] [line:192] INFO:
‘∫–£ø‚«∞◊∫ ˜ππΩ®ÕÍ±œ£¨”√ ± 12.888779163360596 √Î.
Sat, 20 Feb 2016 18:12:13 search.py [func:_logging_conf] [line:200] INFO:
***********************************************
Sat, 20 Feb 2016 18:12:20 search.py [func:__init__] [line:183] INFO:
¥”mongodb∂¡»°‘∫–£ø‚ÕÍ±œ£¨”√ ± 7.634645223617554 √Î.
Sat, 20 Feb 2016 18:12:26 search.py [func:__init__] [line:192] INFO:
‘∫–£ø‚«∞◊∫ ˜ππΩ®ÕÍ±œ£¨”√ ± 13.780975103378296 √Î.
Sat, 20 Feb 2016 18:12:45 search.py [func:_logging_conf] [line:200] INFO:
***********************************************
Sat, 20 Feb 2016 18:12:54 search.py [func:__init__] [line:183] INFO:
¥”mongodb∂¡»°‘∫–£ø‚ÕÍ±œ£¨”√ ± 9.097155332565308 √Î.
Sat, 20 Feb 2016 18:13:00 search.py [func:__init__] [line:192] INFO:
‘∫–£ø‚«∞◊∫ ˜ππΩ®ÕÍ±œ£¨”√ ± 15.200916290283203 √Î.
Sat, 20 Feb 2016 18:26:42 search.py [func:_logging_conf] [line:201] INFO:
***********************************************
Sat, 20 Feb 2016 18:26:48 search.py [func:__init__] [line:183] INFO:
¥”mongodb∂¡»°‘∫–£ø‚ÕÍ±œ£¨”√ ± 5.5958778858184814 √Î.
Sat, 20 Feb 2016 18:29:57 search.py [func:_logging_conf] [line:201] INFO:
***********************************************
Sat, 20 Feb 2016 18:30:03 search.py [func:__init__] [line:183] INFO:
¥”mongodb∂¡»°‘∫–£ø‚ÕÍ±œ£¨”√ ± 5.876583576202393 √Î.
Sat, 20 Feb 2016 18:30:09 search.py [func:__init__] [line:193] INFO:
‘∫–£ø‚«∞◊∫ ˜ππΩ®ÕÍ±œ£¨”√ ± 12.094115495681763 √Î.
Sat, 20 Feb 2016 18:30:09 search.py [func:search_school] [line:117] ERROR:
√ª”–’˝≥£∑µªÿΩ·π˚
Sat, 20 Feb 2016 18:35:36 search.py [func:_logging_conf] [line:202] INFO:
***********************************************
Sat, 20 Feb 2016 18:35:42 search.py [func:__init__] [line:184] INFO:
¥”mongodb∂¡»°‘∫–£ø‚ÕÍ±œ£¨”√ ± 5.615933179855347 √Î.
Sat, 20 Feb 2016 18:35:49 search.py [func:__init__] [line:194] INFO:
‘∫–£ø‚«∞◊∫ ˜ππΩ®ÕÍ±œ£¨”√ ± 12.566412687301636 √Î.
Sat, 20 Feb 2016 18:46:30 search.py [func:_logging_conf] [line:202] INFO:
***********************************************
Sat, 20 Feb 2016 18:46:36 search.py [func:__init__] [line:184] INFO:
¥”mongodb∂¡»°‘∫–£ø‚ÕÍ±œ£¨”√ ± 5.72965407371521 √Î.
Sat, 20 Feb 2016 18:46:44 search.py [func:__init__] [line:194] INFO:
‘∫–£ø‚«∞◊∫ ˜ππΩ®ÕÍ±œ£¨”√ ± 14.036789417266846 √Î.
Sat, 20 Feb 2016 18:51:44 search.py [func:_logging_conf] [line:203] INFO:
***********************************************
Sat, 20 Feb 2016 18:51:52 search.py [func:__init__] [line:185] INFO:
¥”mongodb∂¡»°‘∫–£ø‚ÕÍ±œ£¨”√ ± 7.756620407104492 √Î.
Sat, 20 Feb 2016 18:51:59 search.py [func:__init__] [line:195] INFO:
‘∫–£ø‚«∞◊∫ ˜ππΩ®ÕÍ±œ£¨”√ ± 14.714117050170898 √Î.
Sat, 20 Feb 2016 18:52:11 search.py [func:_logging_conf] [line:204] INFO:
***********************************************
Sat, 20 Feb 2016 18:52:18 search.py [func:__init__] [line:186] INFO:
¥”mongodb∂¡»°‘∫–£ø‚ÕÍ±œ£¨”√ ± 6.740944147109985 √Î.
Sat, 20 Feb 2016 18:52:25 search.py [func:__init__] [line:196] INFO:
‘∫–£ø‚«∞◊∫ ˜ππΩ®ÕÍ±œ£¨”√ ± 14.233782768249512 √Î.
Sat, 20 Feb 2016 18:54:03 search.py [func:_logging_conf] [line:204] INFO:
***********************************************
Sat, 20 Feb 2016 18:54:09 search.py [func:__init__] [line:186] INFO:
¥”mongodb∂¡»°‘∫–£ø‚ÕÍ±œ£¨”√ ± 5.716234922409058 √Î.
Sat, 20 Feb 2016 18:54:16 search.py [func:__init__] [line:196] INFO:
‘∫–£ø‚«∞◊∫ ˜ππΩ®ÕÍ±œ£¨”√ ± 12.68673300743103 √Î.
Sat, 20 Feb 2016 18:55:09 search.py [func:_logging_conf] [line:204] INFO:
***********************************************
Sat, 20 Feb 2016 18:55:15 search.py [func:__init__] [line:186] INFO:
¥”mongodb∂¡»°‘∫–£ø‚ÕÍ±œ£¨”√ ± 5.5243799686431885 √Î.
Sat, 20 Feb 2016 18:55:22 search.py [func:__init__] [line:196] INFO:
‘∫–£ø‚«∞◊∫ ˜ππΩ®ÕÍ±œ£¨”√ ± 12.489911794662476 √Î.
Mon, 22 Feb 2016 13:06:35 search.py [func:_logging_conf] [line:211] INFO:
***********************************************
Mon, 22 Feb 2016 13:06:40 search.py [func:__init__] [line:193] INFO:
¥”mongodb∂¡»°‘∫–£ø‚ÕÍ±œ£¨”√ ± 5.397382736206055 √Î.
Mon, 22 Feb 2016 13:06:46 search.py [func:__init__] [line:203] INFO:
‘∫–£ø‚«∞◊∫ ˜ππΩ®ÕÍ±œ£¨”√ ± 10.944099187850952 √Î.
Mon, 22 Feb 2016 13:06:46 search.py [func:search_school] [line:131] ERROR:
√ª”–’˝≥£∑µªÿΩ·π˚
Mon, 22 Feb 2016 13:08:14 search.py [func:_logging_conf] [line:213] INFO:
***********************************************
Mon, 22 Feb 2016 13:08:19 search.py [func:__init__] [line:195] INFO:
¥”mongodb∂¡»°‘∫–£ø‚ÕÍ±œ£¨”√ ± 5.53419041633606 √Î.
Mon, 22 Feb 2016 13:08:25 search.py [func:__init__] [line:205] INFO:
‘∫–£ø‚«∞◊∫ ˜ππΩ®ÕÍ±œ£¨”√ ± 11.721600532531738 √Î.
Mon, 22 Feb 2016 13:08:25 search.py [func:search_school] [line:133] ERROR:
√ª”–’˝≥£∑µªÿΩ·π˚
Mon, 22 Feb 2016 13:11:21 search.py [func:_logging_conf] [line:214] INFO:
***********************************************
Mon, 22 Feb 2016 13:11:27 search.py [func:__init__] [line:196] INFO:
¥”mongodb∂¡»°‘∫–£ø‚ÕÍ±œ£¨”√ ± 5.721658706665039 √Î.
Mon, 22 Feb 2016 13:11:33 search.py [func:__init__] [line:206] INFO:
‘∫–£ø‚«∞◊∫ ˜ππΩ®ÕÍ±œ£¨”√ ± 11.360204458236694 √Î.
Mon, 22 Feb 2016 13:11:33 search.py [func:search_school] [line:134] ERROR:
√ª”–’˝≥£∑µªÿΩ·π˚
Mon, 22 Feb 2016 13:12:36 search.py [func:_logging_conf] [line:214] INFO:
***********************************************
Mon, 22 Feb 2016 13:12:41 search.py [func:__init__] [line:196] INFO:
¥”mongodb∂¡»°‘∫–£ø‚ÕÍ±œ£¨”√ ± 5.5326550006866455 √Î.
Mon, 22 Feb 2016 13:12:47 search.py [func:__init__] [line:206] INFO:
‘∫–£ø‚«∞◊∫ ˜ππΩ®ÕÍ±œ£¨”√ ± 11.330933094024658 √Î.
Mon, 22 Feb 2016 13:17:41 search.py [func:_logging_conf] [line:215] INFO:
***********************************************
Mon, 22 Feb 2016 13:17:47 search.py [func:__init__] [line:197] INFO:
¥”mongodb∂¡»°‘∫–£ø‚ÕÍ±œ£¨”√ ± 5.565000295639038 √Î.
Mon, 22 Feb 2016 13:17:53 search.py [func:__init__] [line:207] INFO:
‘∫–£ø‚«∞◊∫ ˜ππΩ®ÕÍ±œ£¨”√ ± 11.613286972045898 √Î.
Mon, 22 Feb 2016 13:18:39 search.py [func:_logging_conf] [line:215] INFO:
***********************************************
Mon, 22 Feb 2016 13:18:44 search.py [func:__init__] [line:197] INFO:
¥”mongodb∂¡»°‘∫–£ø‚ÕÍ±œ£¨”√ ± 5.524276256561279 √Î.
Mon, 22 Feb 2016 13:18:50 search.py [func:__init__] [line:207] INFO:
‘∫–£ø‚«∞◊∫ ˜ππΩ®ÕÍ±œ£¨”√ ± 11.119124174118042 √Î.
Mon, 22 Feb 2016 13:19:20 search.py [func:_logging_conf] [line:216] INFO:
***********************************************
Mon, 22 Feb 2016 13:19:26 search.py [func:__init__] [line:198] INFO:
¥”mongodb∂¡»°‘∫–£ø‚ÕÍ±œ£¨”√ ± 5.533843517303467 √Î.
Mon, 22 Feb 2016 13:19:31 search.py [func:__init__] [line:208] INFO:
‘∫–£ø‚«∞◊∫ ˜ππΩ®ÕÍ±œ£¨”√ ± 11.40047287940979 √Î.
Mon, 22 Feb 2016 13:21:20 search.py [func:_logging_conf] [line:217] INFO:
***********************************************
Mon, 22 Feb 2016 13:21:26 search.py [func:__init__] [line:199] INFO:
¥”mongodb∂¡»°‘∫–£ø‚ÕÍ±œ£¨”√ ± 5.832513332366943 √Î.
Mon, 22 Feb 2016 13:21:32 search.py [func:__init__] [line:209] INFO:
‘∫–£ø‚«∞◊∫ ˜ππΩ®ÕÍ±œ£¨”√ ± 11.728168964385986 √Î.
Mon, 22 Feb 2016 13:25:18 search.py [func:_logging_conf] [line:221] INFO:
***********************************************
Mon, 22 Feb 2016 13:25:24 search.py [func:__init__] [line:203] INFO:
¥”mongodb∂¡»°‘∫–£ø‚ÕÍ±œ£¨”√ ± 5.549230337142944 √Î.
Mon, 22 Feb 2016 13:25:30 search.py [func:__init__] [line:213] INFO:
‘∫–£ø‚«∞◊∫ ˜ππΩ®ÕÍ±œ£¨”√ ± 11.489989519119263 √Î.
Mon, 22 Feb 2016 13:27:05 search.py [func:_logging_conf] [line:221] INFO:
***********************************************
Mon, 22 Feb 2016 13:27:11 search.py [func:__init__] [line:203] INFO:
¥”mongodb∂¡»°‘∫–£ø‚ÕÍ±œ£¨”√ ± 5.763483762741089 √Î.
Mon, 22 Feb 2016 13:27:17 search.py [func:__init__] [line:213] INFO:
‘∫–£ø‚«∞◊∫ ˜ππΩ®ÕÍ±œ£¨”√ ± 11.895762205123901 √Î.
Mon, 22 Feb 2016 13:34:15 search.py [func:_logging_conf] [line:221] INFO:
***********************************************
Mon, 22 Feb 2016 13:34:21 search.py [func:__init__] [line:203] INFO:
¥”mongodb∂¡»°‘∫–£ø‚ÕÍ±œ£¨”√ ± 5.7232160568237305 √Î.
Mon, 22 Feb 2016 13:34:27 search.py [func:__init__] [line:213] INFO:
‘∫–£ø‚«∞◊∫ ˜ππΩ®ÕÍ±œ£¨”√ ± 11.648972511291504 √Î.
Mon, 22 Feb 2016 13:34:27 search.py [func:search_school] [line:141] ERROR:
√ª”–’˝≥£∑µªÿΩ·π˚
Mon, 22 Feb 2016 13:34:58 search.py [func:_logging_conf] [line:221] INFO:
***********************************************
Mon, 22 Feb 2016 13:35:03 search.py [func:__init__] [line:203] INFO:
¥”mongodb∂¡»°‘∫–£ø‚ÕÍ±œ£¨”√ ± 5.563524007797241 √Î.
Mon, 22 Feb 2016 13:35:09 search.py [func:__init__] [line:213] INFO:
‘∫–£ø‚«∞◊∫ ˜ππΩ®ÕÍ±œ£¨”√ ± 11.492677927017212 √Î.
Mon, 22 Feb 2016 13:35:09 search.py [func:search_school] [line:141] ERROR:
√ª”–’˝≥£∑µªÿΩ·π˚
Mon, 22 Feb 2016 13:35:46 search.py [func:_logging_conf] [line:221] INFO:
***********************************************
Mon, 22 Feb 2016 13:35:52 search.py [func:__init__] [line:203] INFO:
¥”mongodb∂¡»°‘∫–£ø‚ÕÍ±œ£¨”√ ± 5.682116508483887 √Î.
Mon, 22 Feb 2016 13:35:58 search.py [func:__init__] [line:213] INFO:
‘∫–£ø‚«∞◊∫ ˜ππΩ®ÕÍ±œ£¨”√ ± 11.712138891220093 √Î.
Mon, 22 Feb 2016 13:35:58 search.py [func:search_school] [line:141] ERROR:
√ª”–’˝≥£∑µªÿΩ·π˚
Mon, 22 Feb 2016 13:37:20 search.py [func:_logging_conf] [line:222] INFO:
***********************************************
Mon, 22 Feb 2016 13:37:26 search.py [func:__init__] [line:204] INFO:
¥”mongodb∂¡»°‘∫–£ø‚ÕÍ±œ£¨”√ ± 5.709247589111328 √Î.
Mon, 22 Feb 2016 13:37:32 search.py [func:__init__] [line:214] INFO:
‘∫–£ø‚«∞◊∫ ˜ππΩ®ÕÍ±œ£¨”√ ± 11.709185600280762 √Î.
Mon, 22 Feb 2016 13:37:32 search.py [func:search_school] [line:142] ERROR:
√ª”–’˝≥£∑µªÿΩ·π˚
Mon, 22 Feb 2016 13:37:59 search.py [func:_logging_conf] [line:221] INFO:
***********************************************
Mon, 22 Feb 2016 13:38:04 search.py [func:__init__] [line:203] INFO:
¥”mongodb∂¡»°‘∫–£ø‚ÕÍ±œ£¨”√ ± 5.7116169929504395 √Î.
Mon, 22 Feb 2016 13:38:11 search.py [func:__init__] [line:213] INFO:
‘∫–£ø‚«∞◊∫ ˜ππΩ®ÕÍ±œ£¨”√ ± 11.955448627471924 √Î.
Mon, 22 Feb 2016 13:40:31 search.py [func:_logging_conf] [line:222] INFO:
***********************************************
Mon, 22 Feb 2016 13:40:36 search.py [func:__init__] [line:204] INFO:
¥”mongodb∂¡»°‘∫–£ø‚ÕÍ±œ£¨”√ ± 5.574820280075073 √Î.
Mon, 22 Feb 2016 13:40:42 search.py [func:__init__] [line:214] INFO:
‘∫–£ø‚«∞◊∫ ˜ππΩ®ÕÍ±œ£¨”√ ± 11.464483499526978 √Î.
Mon, 22 Feb 2016 13:43:10 search.py [func:_logging_conf] [line:222] INFO:
***********************************************
Mon, 22 Feb 2016 13:43:15 search.py [func:__init__] [line:204] INFO:
¥”mongodb∂¡»°‘∫–£ø‚ÕÍ±œ£¨”√ ± 5.56481409072876 √Î.
Mon, 22 Feb 2016 13:43:21 search.py [func:__init__] [line:214] INFO:
‘∫–£ø‚«∞◊∫ ˜ππΩ®ÕÍ±œ£¨”√ ± 11.19977855682373 √Î.
Mon, 22 Feb 2016 13:43:59 search.py [func:_logging_conf] [line:223] INFO:
***********************************************
Mon, 22 Feb 2016 13:44:05 search.py [func:__init__] [line:205] INFO:
¥”mongodb∂¡»°‘∫–£ø‚ÕÍ±œ£¨”√ ± 5.545273065567017 √Î.
Mon, 22 Feb 2016 13:44:11 search.py [func:__init__] [line:215] INFO:
‘∫–£ø‚«∞◊∫ ˜ππΩ®ÕÍ±œ£¨”√ ± 11.41688585281372 √Î.
Mon, 22 Feb 2016 13:44:45 search.py [func:_logging_conf] [line:224] INFO:
***********************************************
Mon, 22 Feb 2016 13:44:51 search.py [func:__init__] [line:206] INFO:
¥”mongodb∂¡»°‘∫–£ø‚ÕÍ±œ£¨”√ ± 5.701190948486328 √Î.
Mon, 22 Feb 2016 13:44:57 search.py [func:__init__] [line:216] INFO:
‘∫–£ø‚«∞◊∫ ˜ππΩ®ÕÍ±œ£¨”√ ± 11.469494104385376 √Î.
Mon, 22 Feb 2016 13:45:40 search.py [func:_logging_conf] [line:223] INFO:
***********************************************
Mon, 22 Feb 2016 13:45:46 search.py [func:__init__] [line:205] INFO:
¥”mongodb∂¡»°‘∫–£ø‚ÕÍ±œ£¨”√ ± 5.55379319190979 √Î.
Mon, 22 Feb 2016 13:45:51 search.py [func:__init__] [line:215] INFO:
‘∫–£ø‚«∞◊∫ ˜ππΩ®ÕÍ±œ£¨”√ ± 11.38229489326477 √Î.
Mon, 22 Feb 2016 14:00:34 search.py [func:_logging_conf] [line:239] INFO:
***********************************************
Mon, 22 Feb 2016 14:00:34 search.py [func:__init__] [line:175] ERROR:
some line is wrong when reading special school.
Mon, 22 Feb 2016 14:00:34 search.py [func:__init__] [line:176] INFO:
wrong line : ±±æ©¥Û—ß 
Mon, 22 Feb 2016 14:01:34 search.py [func:_logging_conf] [line:239] INFO:
***********************************************
Mon, 22 Feb 2016 14:01:34 search.py [func:__init__] [line:175] ERROR:
some line is wrong when reading special school.
Mon, 22 Feb 2016 14:01:34 search.py [func:__init__] [line:176] INFO:
wrong line : ±±æ©¥Û—ß 
Mon, 22 Feb 2016 14:03:14 search.py [func:_logging_conf] [line:240] INFO:
***********************************************
Mon, 22 Feb 2016 14:03:14 search.py [func:__init__] [line:176] ERROR:
some line is wrong when reading special school.
Mon, 22 Feb 2016 14:03:14 search.py [func:__init__] [line:177] INFO:
wrong line : ±±æ©¥Û—ß 
Mon, 22 Feb 2016 14:04:16 search.py [func:_logging_conf] [line:241] INFO:
***********************************************
Mon, 22 Feb 2016 14:04:22 search.py [func:__init__] [line:233] INFO:
‘∫–£ø‚«∞◊∫ ˜ππΩ®ÕÍ±œ£¨”√ ± 6.11277437210083 √Î.
Mon, 22 Feb 2016 14:05:10 search.py [func:_logging_conf] [line:241] INFO:
***********************************************
Mon, 22 Feb 2016 14:05:16 search.py [func:__init__] [line:233] INFO:
‘∫–£ø‚«∞◊∫ ˜ππΩ®ÕÍ±œ£¨”√ ± 5.730289936065674 √Î.
Mon, 22 Feb 2016 14:06:16 search.py [func:_logging_conf] [line:241] INFO:
***********************************************
Mon, 22 Feb 2016 14:06:21 search.py [func:__init__] [line:233] INFO:
‘∫–£ø‚«∞◊∫ ˜ππΩ®ÕÍ±œ£¨”√ ± 5.269036293029785 √Î.
Mon, 22 Feb 2016 14:06:45 search.py [func:_logging_conf] [line:241] INFO:
***********************************************
Mon, 22 Feb 2016 14:06:51 search.py [func:__init__] [line:233] INFO:
‘∫–£ø‚«∞◊∫ ˜ππΩ®ÕÍ±œ£¨”√ ± 5.5297017097473145 √Î.
Mon, 22 Feb 2016 14:13:55 search.py [func:_logging_conf] [line:243] INFO:
***********************************************
Mon, 22 Feb 2016 14:14:00 search.py [func:__init__] [line:235] INFO:
‘∫–£ø‚«∞◊∫ ˜ππΩ®ÕÍ±œ£¨”√ ± 5.027594327926636 √Î.
Mon, 22 Feb 2016 14:14:44 search.py [func:_logging_conf] [line:243] INFO:
***********************************************
Mon, 22 Feb 2016 14:14:50 search.py [func:__init__] [line:235] INFO:
‘∫–£ø‚«∞◊∫ ˜ππΩ®ÕÍ±œ£¨”√ ± 5.366134881973267 √Î.
Mon, 22 Feb 2016 14:38:52 search.py [func:_logging_conf] [line:244] INFO:
***********************************************
Mon, 22 Feb 2016 14:38:59 search.py [func:__init__] [line:226] INFO:
¥”mongodb∂¡»°‘∫–£ø‚ÕÍ±œ£¨”√ ± 6.174412965774536 √Î.
Mon, 22 Feb 2016 14:39:04 search.py [func:__init__] [line:236] INFO:
‘∫–£ø‚«∞◊∫ ˜ππΩ®ÕÍ±œ£¨”√ ± 11.521659135818481 √Î.
Mon, 22 Feb 2016 14:39:04 search.py [func:search_school] [line:141] ERROR:
√ª”–’˝≥£∑µªÿΩ·π˚
Mon, 22 Feb 2016 14:41:09 search.py [func:_logging_conf] [line:244] INFO:
***********************************************
Mon, 22 Feb 2016 14:41:15 search.py [func:__init__] [line:226] INFO:
¥”mongodb∂¡»°‘∫–£ø‚ÕÍ±œ£¨”√ ± 6.106211185455322 √Î.
Mon, 22 Feb 2016 14:41:21 search.py [func:__init__] [line:236] INFO:
‘∫–£ø‚«∞◊∫ ˜ππΩ®ÕÍ±œ£¨”√ ± 11.663015842437744 √Î.
Mon, 22 Feb 2016 14:41:21 search.py [func:search_school] [line:141] ERROR:
√ª”–’˝≥£∑µªÿΩ·π˚
Mon, 22 Feb 2016 14:41:55 search.py [func:_logging_conf] [line:246] INFO:
***********************************************
Mon, 22 Feb 2016 14:42:01 search.py [func:__init__] [line:228] INFO:
¥”mongodb∂¡»°‘∫–£ø‚ÕÍ±œ£¨”√ ± 6.2910449504852295 √Î.
Mon, 22 Feb 2016 14:42:07 search.py [func:__init__] [line:238] INFO:
‘∫–£ø‚«∞◊∫ ˜ππΩ®ÕÍ±œ£¨”√ ± 12.380899667739868 √Î.
Mon, 22 Feb 2016 14:42:07 search.py [func:search_school] [line:143] ERROR:
√ª”–’˝≥£∑µªÿΩ·π˚
Mon, 22 Feb 2016 14:45:08 search.py [func:_logging_conf] [line:245] INFO:
***********************************************
Mon, 22 Feb 2016 14:45:16 search.py [func:__init__] [line:227] INFO:
¥”mongodb∂¡»°‘∫–£ø‚ÕÍ±œ£¨”√ ± 7.455798864364624 √Î.
Mon, 22 Feb 2016 14:45:45 search.py [func:_logging_conf] [line:246] INFO:
***********************************************
Mon, 22 Feb 2016 14:45:52 search.py [func:__init__] [line:228] INFO:
¥”mongodb∂¡»°‘∫–£ø‚ÕÍ±œ£¨”√ ± 7.4568095207214355 √Î.
Mon, 22 Feb 2016 14:46:05 search.py [func:_logging_conf] [line:246] INFO:
***********************************************
Mon, 22 Feb 2016 14:46:11 search.py [func:__init__] [line:228] INFO:
¥”mongodb∂¡»°‘∫–£ø‚ÕÍ±œ£¨”√ ± 6.318328142166138 √Î.
Mon, 22 Feb 2016 14:46:49 search.py [func:_logging_conf] [line:246] INFO:
***********************************************
Mon, 22 Feb 2016 14:46:55 search.py [func:__init__] [line:228] INFO:
¥”mongodb∂¡»°‘∫–£ø‚ÕÍ±œ£¨”√ ± 6.320805311203003 √Î.
Mon, 22 Feb 2016 14:47:12 search.py [func:_logging_conf] [line:244] INFO:
***********************************************
Mon, 22 Feb 2016 14:47:19 search.py [func:__init__] [line:226] INFO:
¥”mongodb∂¡»°‘∫–£ø‚ÕÍ±œ£¨”√ ± 7.1419899463653564 √Î.
Mon, 22 Feb 2016 14:47:25 search.py [func:__init__] [line:236] INFO:
‘∫–£ø‚«∞◊∫ ˜ππΩ®ÕÍ±œ£¨”√ ± 12.57543420791626 √Î.
Mon, 22 Feb 2016 15:14:06 search.py [func:_logging_conf] [line:249] INFO:
***********************************************
Mon, 22 Feb 2016 15:14:12 search.py [func:__init__] [line:231] INFO:
¥”mongodb∂¡»°‘∫–£ø‚ÕÍ±œ£¨”√ ± 6.202519178390503 √Î.
Mon, 22 Feb 2016 15:14:18 search.py [func:__init__] [line:241] INFO:
‘∫–£ø‚«∞◊∫ ˜ππΩ®ÕÍ±œ£¨”√ ± 12.004950523376465 √Î.
Mon, 22 Feb 2016 15:14:40 search.py [func:_logging_conf] [line:249] INFO:
***********************************************
Mon, 22 Feb 2016 15:14:46 search.py [func:__init__] [line:231] INFO:
¥”mongodb∂¡»°‘∫–£ø‚ÕÍ±œ£¨”√ ± 6.284941911697388 √Î.
Mon, 22 Feb 2016 15:14:52 search.py [func:__init__] [line:241] INFO:
‘∫–£ø‚«∞◊∫ ˜ππΩ®ÕÍ±œ£¨”√ ± 12.337697267532349 √Î.
Mon, 22 Feb 2016 15:16:10 search.py [func:_logging_conf] [line:249] INFO:
***********************************************
Mon, 22 Feb 2016 15:16:16 search.py [func:__init__] [line:231] INFO:
¥”mongodb∂¡»°‘∫–£ø‚ÕÍ±œ£¨”√ ± 6.148336172103882 √Î.
Mon, 22 Feb 2016 15:16:21 search.py [func:__init__] [line:241] INFO:
‘∫–£ø‚«∞◊∫ ˜ππΩ®ÕÍ±œ£¨”√ ± 11.679083824157715 √Î.
Mon, 22 Feb 2016 15:16:46 search.py [func:_logging_conf] [line:249] INFO:
***********************************************
Mon, 22 Feb 2016 15:16:52 search.py [func:__init__] [line:231] INFO:
¥”mongodb∂¡»°‘∫–£ø‚ÕÍ±œ£¨”√ ± 6.188430547714233 √Î.
Mon, 22 Feb 2016 15:16:58 search.py [func:__init__] [line:241] INFO:
‘∫–£ø‚«∞◊∫ ˜ππΩ®ÕÍ±œ£¨”√ ± 11.790323495864868 √Î.
Mon, 22 Feb 2016 15:17:29 search.py [func:_logging_conf] [line:248] INFO:
***********************************************
Mon, 22 Feb 2016 15:17:36 search.py [func:__init__] [line:230] INFO:
¥”mongodb∂¡»°‘∫–£ø‚ÕÍ±œ£¨”√ ± 6.508303642272949 √Î.
Mon, 22 Feb 2016 15:17:42 search.py [func:__init__] [line:240] INFO:
‘∫–£ø‚«∞◊∫ ˜ππΩ®ÕÍ±œ£¨”√ ± 12.246558904647827 √Î.
'Mon, 22 Feb 2016 18:08:09' search.py [func:_logging_conf] [line:179] INFO: --------Êó•ÂøóÈÖçÁΩÆÂÆåÊØï------
'Mon, 22 Feb 2016 18:08:09' search.py [func:__init__] [line:186] INFO: ÂàùÂßãÂåñÁöÑÁ±ªÂûãdict_from : mongodb
'Mon, 22 Feb 2016 18:08:15' search.py [func:__init__] [line:251] INFO: ‰ªémongodbËØªÂèñÈô¢Ê†°Â∫ìÂÆåÊØïÔºåÁî®Êó∂ 6.247585 Áßí.
'Mon, 22 Feb 2016 18:08:15' search.py [func:__init__] [line:254] INFO: pymongo ÂÖ≥Èó≠ËøûÊé•ÊàêÂäü.
'Mon, 22 Feb 2016 18:08:21' search.py [func:__init__] [line:266] INFO: Èô¢Ê†°Â∫ìÂâçÁºÄÊ†ëÊûÑÂª∫ÂÆåÊØïÔºåÁî®Êó∂ 12.015935 Áßí.
'Mon, 22 Feb 2016 18:09:23' search.py [func:_logging_conf] [line:179] INFO: --------Êó•ÂøóÈÖçÁΩÆÂÆåÊØï------
'Mon, 22 Feb 2016 18:09:23' search.py [func:__init__] [line:186] INFO: ÂàùÂßãÂåñÁöÑÁ±ªÂûãdict_from : mongodb
'Mon, 22 Feb 2016 18:09:29' search.py [func:__init__] [line:251] INFO: ‰ªémongodbËØªÂèñÈô¢Ê†°Â∫ìÂÆåÊØïÔºåÁî®Êó∂ 6.366456 Áßí.
'Mon, 22 Feb 2016 18:09:29' search.py [func:__init__] [line:254] INFO: pymongo ÂÖ≥Èó≠ËøûÊé•ÊàêÂäü.
'Mon, 22 Feb 2016 18:09:35' search.py [func:__init__] [line:266] INFO: Èô¢Ê†°Â∫ìÂâçÁºÄÊ†ëÊûÑÂª∫ÂÆåÊØïÔºåÁî®Êó∂ 12.118723 Áßí.
'Mon, 22 Feb 2016 18:11:00' search.py [func:_logging_conf] [line:179] INFO: --------Êó•ÂøóÈÖçÁΩÆÂÆåÊØï------
'Mon, 22 Feb 2016 18:11:00' search.py [func:__init__] [line:186] INFO: ÂàùÂßãÂåñÁöÑÁ±ªÂûãdict_from : mongodb
'Mon, 22 Feb 2016 18:11:06' search.py [func:__init__] [line:251] INFO: ‰ªémongodbËØªÂèñÈô¢Ê†°Â∫ìÂÆåÊØïÔºåÁî®Êó∂ 6.531113 Áßí.
'Mon, 22 Feb 2016 18:11:06' search.py [func:__init__] [line:254] INFO: pymongo ÂÖ≥Èó≠ËøûÊé•ÊàêÂäü.
'Mon, 22 Feb 2016 18:11:12' search.py [func:__init__] [line:266] INFO: Èô¢Ê†°Â∫ìÂâçÁºÄÊ†ëÊûÑÂª∫ÂÆåÊØïÔºåÁî®Êó∂ 12.322510 Áßí.
'Mon, 22 Feb 2016 18:19:39' search.py [func:_logging_conf] [line:179] INFO: --------»’÷æ≈‰÷√ÕÍ±œ------
'Mon, 22 Feb 2016 18:19:39' search.py [func:__init__] [line:186] INFO: ≥ı ºªØµƒ¿‡–Õdict_from : mongodb
'Mon, 22 Feb 2016 18:19:45' search.py [func:__init__] [line:251] INFO: ¥”mongodb∂¡»°‘∫–£ø‚ÕÍ±œ£¨”√ ± 6.351336 √Î.
'Mon, 22 Feb 2016 18:19:45' search.py [func:__init__] [line:254] INFO: pymongo πÿ±’¡¨Ω”≥…π¶.
'Mon, 22 Feb 2016 18:19:51' search.py [func:__init__] [line:266] INFO: ‘∫–£ø‚«∞◊∫ ˜ππΩ®ÕÍ±œ£¨”√ ± 12.206703 √Î.
